<?xml version="1.0" encoding="UTF-8"?>
<testng-results skipped="0" failed="0" total="1" passed="1">
  <reporter-output>
  </reporter-output>
  <suite name="Suite" duration-ms="24407" started-at="2019-09-20T02:26:30Z" finished-at="2019-09-20T02:26:54Z">
    <groups>
    </groups>
    <test name="Test" duration-ms="24407" started-at="2019-09-20T02:26:30Z" finished-at="2019-09-20T02:26:54Z">
      <class name="sample_package.Sample_Class">
        <test-method status="PASS" signature="launchbrowser()[pri:0, instance:sample_package.Sample_Class@11531931]" name="launchbrowser" duration-ms="24386" started-at="2019-09-20T07:56:30Z" finished-at="2019-09-20T07:56:54Z">
          <reporter-output>
          </reporter-output>
        </test-method> <!-- launchbrowser -->
      </class> <!-- sample_package.Sample_Class -->
    </test> <!-- Test -->
  </suite> <!-- Suite -->
</testng-results>
